<?xml version="1.0" encoding="UTF-8"?>
<testsuite name="book a hotel with a registered user" tests="1" skipped="0" failures="0" errors="0" timestamp="2022-03-01T15:17:00" hostname="CHMEP4ZG5RF3" time="25.357">
  <properties/>
  <testcase name="search hotels with a registered user" classname="book a hotel with a registered user" time="25.357"/>
  <system-out><![CDATA[]]></system-out>
  <system-err><![CDATA[[Test worker] WARN net.thucydides.core.steps.BaseStepListener - stepStarted: net.thucydides.core.steps.ExecutedStepDescription@57cd538c
[Test worker] WARN net.thucydides.core.steps.BaseStepListener - stepStarted: net.thucydides.core.steps.ExecutedStepDescription@6d15898d
[Test worker] WARN net.thucydides.core.steps.BaseStepListener - stepStarted: net.thucydides.core.steps.ExecutedStepDescription@28469288
mar 01, 2022 10:17:01 AM org.openqa.selenium.remote.DesiredCapabilities chrome
INFORMACIÓN: Using `new ChromeOptions()` is preferred to `DesiredCapabilities.chrome()`
[Test worker] INFO net.serenitybdd.core.webdriver.driverproviders.ProvideNewDriver - Instantiating driver
[Test worker] INFO net.serenitybdd.core.webdriver.driverproviders.ProvideNewDriver - Driver capabilities: Capabilities {acceptInsecureCerts: false, browserName: chrome, chrome.switches: --start-maximized, goog:chromeOptions: {args: [--start-maximized], extensions: []}, loggingPrefs: org.openqa.selenium.logging..., platform: ANY, version: }
Starting ChromeDriver 98.0.4758.80 (7f0488e8ba0d8e019187c6325a16c29d9b7f4989-refs/branch-heads/4758@{#972}) on port 48100
Only local connections are allowed.
Please see https://chromedriver.chromium.org/security-considerations for suggestions on keeping ChromeDriver safe.
ChromeDriver was started successfully.
mar 01, 2022 10:17:03 AM org.openqa.selenium.remote.ProtocolHandshake createSession
INFORMACIÓN: Detected dialect: W3C
[Test worker] WARN net.thucydides.core.steps.BaseStepListener - stepFinished: current outcome:search hotels with a registered user:Given that the user wants to reserve a hotel with his user [Diana open booking [Diana opens the Booking page]]
[Test worker] WARN net.thucydides.core.steps.BaseStepListener - stepFinished: current outcome:search hotels with a registered user:Given that the user wants to reserve a hotel with his user [Diana open booking [Diana opens the Booking page]]
[Test worker] WARN net.thucydides.core.steps.BaseStepListener - stepFinished: current outcome:search hotels with a registered user:Given that the user wants to reserve a hotel with his user [Diana open booking [Diana opens the Booking page]]
[Test worker] WARN net.thucydides.core.steps.BaseStepListener - stepStarted: net.thucydides.core.steps.ExecutedStepDescription@7fccccb0
[Test worker] WARN net.thucydides.core.steps.BaseStepListener - stepStarted: net.thucydides.core.steps.ExecutedStepDescription@3da860b5
[Test worker] WARN net.thucydides.core.steps.BaseStepListener - stepStarted: net.thucydides.core.steps.ExecutedStepDescription@49d89aef
[Test worker] WARN net.thucydides.core.steps.BaseStepListener - stepFinished: current outcome:search hotels with a registered user:Given that the user wants to reserve a hotel with his user [Diana open booking [Diana opens the Booking page]], When user log in and record the data of reservation data
| strDestination | strBedrooms |
| Cúcuta | 1 | [Diana step one [Diana enters 'Cúcuta' into Ingresar destino]]
[Test worker] WARN net.thucydides.core.steps.BaseStepListener - stepStarted: net.thucydides.core.steps.ExecutedStepDescription@33a848b8
[Test worker] WARN net.thucydides.core.steps.BaseStepListener - stepFinished: current outcome:search hotels with a registered user:Given that the user wants to reserve a hotel with his user [Diana open booking [Diana opens the Booking page]], When user log in and record the data of reservation data
| strDestination | strBedrooms |
| Cúcuta | 1 | [Diana step one [Diana enters 'Cúcuta' into Ingresar destino, Diana clicks on Elegir el dia de llegada]]
[Test worker] WARN net.thucydides.core.steps.BaseStepListener - stepStarted: net.thucydides.core.steps.ExecutedStepDescription@2e9859a8
[Test worker] WARN net.thucydides.core.steps.BaseStepListener - stepFinished: current outcome:search hotels with a registered user:Given that the user wants to reserve a hotel with his user [Diana open booking [Diana opens the Booking page]], When user log in and record the data of reservation data
| strDestination | strBedrooms |
| Cúcuta | 1 | [Diana step one [Diana enters 'Cúcuta' into Ingresar destino, Diana clicks on Elegir el dia de llegada, Diana clicks on Dia 9 de febrero ]]
[Test worker] WARN net.thucydides.core.steps.BaseStepListener - stepStarted: net.thucydides.core.steps.ExecutedStepDescription@48bdb2dc
[Test worker] WARN net.thucydides.core.steps.BaseStepListener - stepFinished: current outcome:search hotels with a registered user:Given that the user wants to reserve a hotel with his user [Diana open booking [Diana opens the Booking page]], When user log in and record the data of reservation data
| strDestination | strBedrooms |
| Cúcuta | 1 | [Diana step one [Diana enters 'Cúcuta' into Ingresar destino, Diana clicks on Elegir el dia de llegada, Diana clicks on Dia 9 de febrero , Diana clicks on Dia 15 de febrero]]
[Test worker] WARN net.thucydides.core.steps.BaseStepListener - stepStarted: net.thucydides.core.steps.ExecutedStepDescription@1a578ece
[Test worker] WARN net.thucydides.core.steps.BaseStepListener - stepFinished: current outcome:search hotels with a registered user:Given that the user wants to reserve a hotel with his user [Diana open booking [Diana opens the Booking page]], When user log in and record the data of reservation data
| strDestination | strBedrooms |
| Cúcuta | 1 | [Diana step one [Diana enters 'Cúcuta' into Ingresar destino, Diana clicks on Elegir el dia de llegada, Diana clicks on Dia 9 de febrero , Diana clicks on Dia 15 de febrero, Diana clicks on Dar click para hacer el checkin]]
[Test worker] WARN net.thucydides.core.steps.BaseStepListener - stepStarted: net.thucydides.core.steps.ExecutedStepDescription@20a29c57
[Test worker] WARN net.thucydides.core.steps.BaseStepListener - stepFinished: current outcome:search hotels with a registered user:Given that the user wants to reserve a hotel with his user [Diana open booking [Diana opens the Booking page]], When user log in and record the data of reservation data
| strDestination | strBedrooms |
| Cúcuta | 1 | [Diana step one [Diana enters 'Cúcuta' into Ingresar destino, Diana clicks on Elegir el dia de llegada, Diana clicks on Dia 9 de febrero , Diana clicks on Dia 15 de febrero, Diana clicks on Dar click para hacer el checkin, Diana clicks on Elegir cantidad de adultos]]
[Test worker] WARN net.thucydides.core.steps.BaseStepListener - stepStarted: net.thucydides.core.steps.ExecutedStepDescription@4f6a53f0
[Test worker] WARN net.thucydides.core.steps.BaseStepListener - stepFinished: current outcome:search hotels with a registered user:Given that the user wants to reserve a hotel with his user [Diana open booking [Diana opens the Booking page]], When user log in and record the data of reservation data
| strDestination | strBedrooms |
| Cúcuta | 1 | [Diana step one [Diana enters 'Cúcuta' into Ingresar destino, Diana clicks on Elegir el dia de llegada, Diana clicks on Dia 9 de febrero , Diana clicks on Dia 15 de febrero, Diana clicks on Dar click para hacer el checkin, Diana clicks on Elegir cantidad de adultos, Diana clicks on Boton para continuar]]
[Test worker] WARN net.thucydides.core.steps.BaseStepListener - stepFinished: current outcome:search hotels with a registered user:Given that the user wants to reserve a hotel with his user [Diana open booking [Diana opens the Booking page]], When user log in and record the data of reservation data
| strDestination | strBedrooms |
| Cúcuta | 1 | [Diana step one [Diana enters 'Cúcuta' into Ingresar destino, Diana clicks on Elegir el dia de llegada, Diana clicks on Dia 9 de febrero , Diana clicks on Dia 15 de febrero, Diana clicks on Dar click para hacer el checkin, Diana clicks on Elegir cantidad de adultos, Diana clicks on Boton para continuar]]
[Test worker] WARN net.thucydides.core.steps.BaseStepListener - stepStarted: net.thucydides.core.steps.ExecutedStepDescription@693cf873
[Test worker] WARN net.thucydides.core.steps.BaseStepListener - stepStarted: net.thucydides.core.steps.ExecutedStepDescription@dc982d3
[Test worker] WARN net.thucydides.core.steps.BaseStepListener - stepFinished: current outcome:search hotels with a registered user:Given that the user wants to reserve a hotel with his user [Diana open booking [Diana opens the Booking page]], When user log in and record the data of reservation data
| strDestination | strBedrooms |
| Cúcuta | 1 | [Diana step one [Diana enters 'Cúcuta' into Ingresar destino, Diana clicks on Elegir el dia de llegada, Diana clicks on Dia 9 de febrero , Diana clicks on Dia 15 de febrero, Diana clicks on Dar click para hacer el checkin, Diana clicks on Elegir cantidad de adultos, Diana clicks on Boton para continuar], Diana step two [Diana clicks on Ver disponibilidad]]
[Test worker] WARN net.thucydides.core.steps.BaseStepListener - stepFinished: current outcome:search hotels with a registered user:Given that the user wants to reserve a hotel with his user [Diana open booking [Diana opens the Booking page]], When user log in and record the data of reservation data
| strDestination | strBedrooms |
| Cúcuta | 1 | [Diana step one [Diana enters 'Cúcuta' into Ingresar destino, Diana clicks on Elegir el dia de llegada, Diana clicks on Dia 9 de febrero , Diana clicks on Dia 15 de febrero, Diana clicks on Dar click para hacer el checkin, Diana clicks on Elegir cantidad de adultos, Diana clicks on Boton para continuar], Diana step two [Diana clicks on Ver disponibilidad]]
[Test worker] WARN net.thucydides.core.steps.BaseStepListener - stepStarted: net.thucydides.core.steps.ExecutedStepDescription@5165ea2c
[Test worker] WARN net.thucydides.core.steps.BaseStepListener - stepStarted: net.thucydides.core.steps.ExecutedStepDescription@44b249f7
[Test worker] WARN net.thucydides.core.steps.BaseStepListener - stepFinished: current outcome:search hotels with a registered user:Given that the user wants to reserve a hotel with his user [Diana open booking [Diana opens the Booking page]], When user log in and record the data of reservation data
| strDestination | strBedrooms |
| Cúcuta | 1 | [Diana step one [Diana enters 'Cúcuta' into Ingresar destino, Diana clicks on Elegir el dia de llegada, Diana clicks on Dia 9 de febrero , Diana clicks on Dia 15 de febrero, Diana clicks on Dar click para hacer el checkin, Diana clicks on Elegir cantidad de adultos, Diana clicks on Boton para continuar], Diana step two [Diana clicks on Ver disponibilidad], Diana step three [Diana clicks on Boton reserva ahora]]
[Test worker] WARN net.thucydides.core.steps.BaseStepListener - stepStarted: net.thucydides.core.steps.ExecutedStepDescription@7c09657
[Test worker] WARN net.thucydides.core.steps.BaseStepListener - stepFinished: current outcome:search hotels with a registered user:Given that the user wants to reserve a hotel with his user [Diana open booking [Diana opens the Booking page]], When user log in and record the data of reservation data
| strDestination | strBedrooms |
| Cúcuta | 1 | [Diana step one [Diana enters 'Cúcuta' into Ingresar destino, Diana clicks on Elegir el dia de llegada, Diana clicks on Dia 9 de febrero , Diana clicks on Dia 15 de febrero, Diana clicks on Dar click para hacer el checkin, Diana clicks on Elegir cantidad de adultos, Diana clicks on Boton para continuar], Diana step two [Diana clicks on Ver disponibilidad], Diana step three [Diana clicks on Boton reserva ahora, Diana selects 1 in Selecionar cantidad de habitaciones]]
[Test worker] WARN net.thucydides.core.steps.BaseStepListener - stepStarted: net.thucydides.core.steps.ExecutedStepDescription@5d1ab4ea
[Test worker] WARN net.thucydides.core.steps.BaseStepListener - stepFinished: current outcome:search hotels with a registered user:Given that the user wants to reserve a hotel with his user [Diana open booking [Diana opens the Booking page]], When user log in and record the data of reservation data
| strDestination | strBedrooms |
| Cúcuta | 1 | [Diana step one [Diana enters 'Cúcuta' into Ingresar destino, Diana clicks on Elegir el dia de llegada, Diana clicks on Dia 9 de febrero , Diana clicks on Dia 15 de febrero, Diana clicks on Dar click para hacer el checkin, Diana clicks on Elegir cantidad de adultos, Diana clicks on Boton para continuar], Diana step two [Diana clicks on Ver disponibilidad], Diana step three [Diana clicks on Boton reserva ahora, Diana selects 1 in Selecionar cantidad de habitaciones, Diana clicks on Boton de reservare]]
[Test worker] WARN net.thucydides.core.steps.BaseStepListener - stepFinished: current outcome:search hotels with a registered user:Given that the user wants to reserve a hotel with his user [Diana open booking [Diana opens the Booking page]], When user log in and record the data of reservation data
| strDestination | strBedrooms |
| Cúcuta | 1 | [Diana step one [Diana enters 'Cúcuta' into Ingresar destino, Diana clicks on Elegir el dia de llegada, Diana clicks on Dia 9 de febrero , Diana clicks on Dia 15 de febrero, Diana clicks on Dar click para hacer el checkin, Diana clicks on Elegir cantidad de adultos, Diana clicks on Boton para continuar], Diana step two [Diana clicks on Ver disponibilidad], Diana step three [Diana clicks on Boton reserva ahora, Diana selects 1 in Selecionar cantidad de habitaciones, Diana clicks on Boton de reservare]]
[Test worker] WARN net.thucydides.core.steps.BaseStepListener - stepFinished: current outcome:search hotels with a registered user:Given that the user wants to reserve a hotel with his user [Diana open booking [Diana opens the Booking page]], When user log in and record the data of reservation data
| strDestination | strBedrooms |
| Cúcuta | 1 | [Diana step one [Diana enters 'Cúcuta' into Ingresar destino, Diana clicks on Elegir el dia de llegada, Diana clicks on Dia 9 de febrero , Diana clicks on Dia 15 de febrero, Diana clicks on Dar click para hacer el checkin, Diana clicks on Elegir cantidad de adultos, Diana clicks on Boton para continuar], Diana step two [Diana clicks on Ver disponibilidad], Diana step three [Diana clicks on Boton reserva ahora, Diana selects 1 in Selecionar cantidad de habitaciones, Diana clicks on Boton de reservare]]
[Test worker] WARN net.thucydides.core.steps.BaseStepListener - stepStarted: net.thucydides.core.steps.ExecutedStepDescription@f48452a
[Test worker] WARN net.thucydides.core.steps.BaseStepListener - stepFinished: current outcome:search hotels with a registered user:Given that the user wants to reserve a hotel with his user [Diana open booking [Diana opens the Booking page]], When user log in and record the data of reservation data
| strDestination | strBedrooms |
| Cúcuta | 1 | [Diana step one [Diana enters 'Cúcuta' into Ingresar destino, Diana clicks on Elegir el dia de llegada, Diana clicks on Dia 9 de febrero , Diana clicks on Dia 15 de febrero, Diana clicks on Dar click para hacer el checkin, Diana clicks on Elegir cantidad de adultos, Diana clicks on Boton para continuar], Diana step two [Diana clicks on Ver disponibilidad], Diana step three [Diana clicks on Boton reserva ahora, Diana selects 1 in Selecionar cantidad de habitaciones, Diana clicks on Boton de reservare]], And choose the hotel with their preferences
[Test worker] WARN net.thucydides.core.steps.BaseStepListener - stepStarted: net.thucydides.core.steps.ExecutedStepDescription@4c4ff07d
[Test worker] WARN net.thucydides.core.steps.BaseStepListener - stepStarted: net.thucydides.core.steps.ExecutedStepDescription@5a9d2a3e
[Test worker] WARN net.thucydides.core.steps.BaseStepListener - stepFinished: current outcome:search hotels with a registered user:Given that the user wants to reserve a hotel with his user [Diana open booking [Diana opens the Booking page]], When user log in and record the data of reservation data
| strDestination | strBedrooms |
| Cúcuta | 1 | [Diana step one [Diana enters 'Cúcuta' into Ingresar destino, Diana clicks on Elegir el dia de llegada, Diana clicks on Dia 9 de febrero , Diana clicks on Dia 15 de febrero, Diana clicks on Dar click para hacer el checkin, Diana clicks on Elegir cantidad de adultos, Diana clicks on Boton para continuar], Diana step two [Diana clicks on Ver disponibilidad], Diana step three [Diana clicks on Boton reserva ahora, Diana selects 1 in Selecionar cantidad de habitaciones, Diana clicks on Boton de reservare]], And choose the hotel with their preferences, Then user successfully
| strVerif |
| Último paso | [Then answer]
[Test worker] WARN net.thucydides.core.steps.BaseStepListener - stepFinished: current outcome:search hotels with a registered user:Given that the user wants to reserve a hotel with his user [Diana open booking [Diana opens the Booking page]], When user log in and record the data of reservation data
| strDestination | strBedrooms |
| Cúcuta | 1 | [Diana step one [Diana enters 'Cúcuta' into Ingresar destino, Diana clicks on Elegir el dia de llegada, Diana clicks on Dia 9 de febrero , Diana clicks on Dia 15 de febrero, Diana clicks on Dar click para hacer el checkin, Diana clicks on Elegir cantidad de adultos, Diana clicks on Boton para continuar], Diana step two [Diana clicks on Ver disponibilidad], Diana step three [Diana clicks on Boton reserva ahora, Diana selects 1 in Selecionar cantidad de habitaciones, Diana clicks on Boton de reservare]], And choose the hotel with their preferences, Then user successfully
| strVerif |
| Último paso | [Then answer]
[Test worker] WARN net.thucydides.core.steps.BaseStepListener - testFinished: search hotels with a registered user:Given that the user wants to reserve a hotel with his user [Diana open booking [Diana opens the Booking page]], When user log in and record the data of reservation data
| strDestination | strBedrooms |
| Cúcuta | 1 | [Diana step one [Diana enters 'Cúcuta' into Ingresar destino, Diana clicks on Elegir el dia de llegada, Diana clicks on Dia 9 de febrero , Diana clicks on Dia 15 de febrero, Diana clicks on Dar click para hacer el checkin, Diana clicks on Elegir cantidad de adultos, Diana clicks on Boton para continuar], Diana step two [Diana clicks on Ver disponibilidad], Diana step three [Diana clicks on Boton reserva ahora, Diana selects 1 in Selecionar cantidad de habitaciones, Diana clicks on Boton de reservare]], And choose the hotel with their preferences, Then user successfully
| strVerif |
| Último paso | [Then answer]
[Test worker] WARN net.thucydides.core.steps.BaseStepListener - TestOutcomes: [search hotels with a registered user:Given that the user wants to reserve a hotel with his user [Diana open booking [Diana opens the Booking page]], When user log in and record the data of reservation data
| strDestination | strBedrooms |
| Cúcuta | 1 | [Diana step one [Diana enters 'Cúcuta' into Ingresar destino, Diana clicks on Elegir el dia de llegada, Diana clicks on Dia 9 de febrero , Diana clicks on Dia 15 de febrero, Diana clicks on Dar click para hacer el checkin, Diana clicks on Elegir cantidad de adultos, Diana clicks on Boton para continuar], Diana step two [Diana clicks on Ver disponibilidad], Diana step three [Diana clicks on Boton reserva ahora, Diana selects 1 in Selecionar cantidad de habitaciones, Diana clicks on Boton de reservare]], And choose the hotel with their preferences, Then user successfully
| strVerif |
| Último paso | [Then answer]]
[Test worker] WARN net.thucydides.core.steps.BaseStepListener - Final testOutcomes: [search hotels with a registered user:Given that the user wants to reserve a hotel with his user [Diana open booking [Diana opens the Booking page]], When user log in and record the data of reservation data
| strDestination | strBedrooms |
| Cúcuta | 1 | [Diana step one [Diana enters 'Cúcuta' into Ingresar destino, Diana clicks on Elegir el dia de llegada, Diana clicks on Dia 9 de febrero , Diana clicks on Dia 15 de febrero, Diana clicks on Dar click para hacer el checkin, Diana clicks on Elegir cantidad de adultos, Diana clicks on Boton para continuar], Diana step two [Diana clicks on Ver disponibilidad], Diana step three [Diana clicks on Boton reserva ahora, Diana selects 1 in Selecionar cantidad de habitaciones, Diana clicks on Boton de reservare]], And choose the hotel with their preferences, Then user successfully
| strVerif |
| Último paso | [Then answer]]
[Test worker] INFO net.thucydides.core.steps.ConsoleLoggingListener - 
        __    _____ _____ ____ _____   ____   _    ____  ____  _____ ____  
  _     \ \  |_   _| ____/ ___|_   _| |  _ \ / \  / ___|/ ___|| ____|  _ \ 
 (_)_____| |   | | |  _| \___ \ | |   | |_) / _ \ \___ \\___ \|  _| | | | |
  _|_____| |   | | | |___ ___) || |   |  __/ ___ \ ___) |___) | |___| |_| |
 (_)     | |   |_| |_____|____/ |_|   |_| /_/   \_\____/|____/|_____|____/ 
        /_/                                                                

TEST PASSED: search hotels with a registered user
----------------------------------------------------------------------------
]]></system-err>
</testsuite>
